call_curl($type,$url,$parameters) - $headers
array(3) {
  [0]=>
  string(30) "Content-Type: application/json"
  [1]=>
  string(30) "Accept-Encoding: gzip, deflate"
  [2]=>
  string(4) "key:"
}


call_curl($type,$url,$parameters) - $params
string(483) "{"calculatorId":"","content":" e etc","alias":"","document":"declaracao_conteudo","docs":{"declarationItens":[{"item":"","value":50,"count":1},{"item":"","value":50,"count":1},{"item":"","value":50,"count":1}]},"sender":{"type":"physical-person","name":"VALMIR SILVA","document":"21678093874","phone":"11948440000","email":"valmir.aureliano@gmail.com","zipCode":"04011001","street":"RUA NICANOR SILVA apto21","number":"171","district":"Vila Augusta","city":"SAO PAULO","state":"SP"}}"


call_curl($type,$url,$parameters) - $return_decode
object(stdClass)#15239 (4) {
  ["code"]=>
  int(422)
  ["data"]=>
  array(5) {
    [0]=>
    object(stdClass)#15232 (4) {
      ["message"]=>
      string(34) ""calculatorId" não pode ser vazio"
      ["path"]=>
      string(12) "calculatorId"
      ["type"]=>
      string(9) "any.empty"
      ["context"]=>
      object(stdClass)#15234 (1) {
        ["key"]=>
        string(12) "calculatorId"
      }
    }
    [1]=>
    object(stdClass)#15236 (4) {
      ["message"]=>
      string(27) ""alias" não pode ser vazio"
      ["path"]=>
      string(5) "alias"
      ["type"]=>
      string(9) "any.empty"
      ["context"]=>
      object(stdClass)#15289 (1) {
        ["key"]=>
        string(5) "alias"
      }
    }
    [2]=>
    object(stdClass)#15235 (4) {
      ["message"]=>
      string(26) ""item" não pode ser vazio"
      ["path"]=>
      string(28) "docs.declarationItens.0.item"
      ["type"]=>
      string(9) "any.empty"
      ["context"]=>
      object(stdClass)#15290 (1) {
        ["key"]=>
        string(4) "item"
      }
    }
    [3]=>
    object(stdClass)#15291 (4) {
      ["message"]=>
      string(26) ""item" não pode ser vazio"
      ["path"]=>
      string(28) "docs.declarationItens.1.item"
      ["type"]=>
      string(9) "any.empty"
      ["context"]=>
      object(stdClass)#15327 (1) {
        ["key"]=>
        string(4) "item"
      }
    }
    [4]=>
    object(stdClass)#15346 (4) {
      ["message"]=>
      string(26) ""item" não pode ser vazio"
      ["path"]=>
      string(28) "docs.declarationItens.2.item"
      ["type"]=>
      string(9) "any.empty"
      ["context"]=>
      object(stdClass)#15345 (1) {
        ["key"]=>
        string(4) "item"
      }
    }
  }
  ["message"]=>
  string(20) "unprocessable_entity"
  ["metadata"]=>
  object(stdClass)#15344 (3) {
    ["responseAt"]=>
    string(24) "2020-08-21T13:30:36.787Z"
    ["method"]=>
    string(4) "POST"
    ["route"]=>
    string(16) "/generate-ticket"
  }
}


